<?xml version="1.0" encoding="UTF-8"?>
<!-- Generated by org.testng.reporters.JUnitXMLReporter -->
<testsuite hostname="DESKTOP-BSK" ignored="0" name="Selenium FB Project" tests="5" failures="1" timestamp="15 Jul 2018 11:30:34 GMT" time="127.674" errors="0">
  <testcase name="verifySearchFriends" time="3.491" classname="com.crm.qa.testcases.HomePageTest"/>
  <testcase name="verifySearchFriends" time="6.077" classname="com.crm.qa.testcases.HomePageTest"/>
  <testcase name="verifySearchFriends" time="2.537" classname="com.crm.qa.testcases.HomePageTest"/>
  <testcase name="verifyLoginPageTitle" time="0.07" classname="com.crm.qa.testcases.LoginTest">
    <failure type="java.lang.AssertionError" message="expected [Faebook – log in or sign up] but found [Facebook – log in or sign up]">
      <![CDATA[java.lang.AssertionError: expected [Faebook – log in or sign up] but found [Facebook – log in or sign up]
	at com.crm.qa.testcases.LoginTest.verifyLoginPageTitle(LoginTest.java:27)
... Removed 31 stack frames]]>
    </failure>
  </testcase> <!-- verifyLoginPageTitle -->
  <testcase name="verifyLoginPage" time="13.701" classname="com.crm.qa.testcases.LoginTest"/>
</testsuite> <!-- Selenium FB Project -->
