<?xml version="1.0" encoding="UTF-8"?>
<!-- Generated by org.testng.reporters.JUnitXMLReporter -->
<testsuite hostname="DESKTOP-BSK" ignored="0" name="Command line test" tests="5" failures="1" timestamp="15 Jul 2018 12:17:44 GMT" time="316.437" errors="0">
  <testcase name="verifySearchFriends" time="1.986" classname="com.crm.qa.testcases.HomePageTest"/>
  <testcase name="verifySearchFriends" time="6.597" classname="com.crm.qa.testcases.HomePageTest"/>
  <testcase name="verifySearchFriends" time="3.897" classname="com.crm.qa.testcases.HomePageTest"/>
  <testcase name="verifyLoginPageTitle" time="0.079" classname="com.crm.qa.testcases.LoginTest">
    <failure type="java.lang.AssertionError" message="expected [Faebook – log in or sign up] but found [Facebook – log in or sign up]">
      <![CDATA[java.lang.AssertionError: expected [Faebook – log in or sign up] but found [Facebook – log in or sign up]
	at com.crm.qa.testcases.LoginTest.verifyLoginPageTitle(LoginTest.java:27)
... Removed 41 stack frames]]>
    </failure>
  </testcase> <!-- verifyLoginPageTitle -->
  <testcase name="verifyLoginPage" time="8.156" classname="com.crm.qa.testcases.LoginTest"/>
</testsuite> <!-- Command line test -->
