<?xml version="1.0" encoding="UTF-8"?>
<testng-results skipped="0" failed="1" ignored="0" total="5" passed="4">
  <reporter-output>
  </reporter-output>
  <suite name="Command line suite" duration-ms="316437" started-at="2018-07-15T12:12:27Z" finished-at="2018-07-15T12:17:44Z">
    <groups>
    </groups>
    <test name="Command line test" duration-ms="316437" started-at="2018-07-15T12:12:27Z" finished-at="2018-07-15T12:17:44Z">
      <class name="com.crm.qa.testcases.HomePageTest">
        <test-method status="PASS" signature="setUp()[pri:0, instance:com.crm.qa.testcases.HomePageTest@61dc03ce]" name="setUp" is-config="true" duration-ms="69217" started-at="2018-07-15T17:42:29Z" finished-at="2018-07-15T17:43:38Z">
          <reporter-output>
          </reporter-output>
        </test-method> <!-- setUp -->
        <test-method status="PASS" signature="verifySearchFriends(java.lang.String)[pri:0, instance:com.crm.qa.testcases.HomePageTest@61dc03ce]" name="verifySearchFriends" duration-ms="1986" started-at="2018-07-15T17:43:38Z" data-provider="getFbTestData" finished-at="2018-07-15T17:43:40Z">
          <params>
            <param index="0">
              <value>
                <![CDATA[Saikumar]]>
              </value>
            </param>
          </params>
          <reporter-output>
          </reporter-output>
        </test-method> <!-- verifySearchFriends -->
        <test-method status="PASS" signature="tearDown()[pri:0, instance:com.crm.qa.testcases.HomePageTest@61dc03ce]" name="tearDown" is-config="true" duration-ms="22359" started-at="2018-07-15T17:43:40Z" finished-at="2018-07-15T17:44:02Z">
          <reporter-output>
          </reporter-output>
        </test-method> <!-- tearDown -->
        <test-method status="PASS" signature="setUp()[pri:0, instance:com.crm.qa.testcases.HomePageTest@61dc03ce]" name="setUp" is-config="true" duration-ms="88882" started-at="2018-07-15T17:44:02Z" finished-at="2018-07-15T17:45:31Z">
          <reporter-output>
          </reporter-output>
        </test-method> <!-- setUp -->
        <test-method status="PASS" signature="verifySearchFriends(java.lang.String)[pri:0, instance:com.crm.qa.testcases.HomePageTest@61dc03ce]" name="verifySearchFriends" duration-ms="6597" started-at="2018-07-15T17:45:31Z" data-provider="getFbTestData" finished-at="2018-07-15T17:45:38Z">
          <params>
            <param index="0">
              <value>
                <![CDATA[Shravya]]>
              </value>
            </param>
          </params>
          <reporter-output>
          </reporter-output>
        </test-method> <!-- verifySearchFriends -->
        <test-method status="PASS" signature="tearDown()[pri:0, instance:com.crm.qa.testcases.HomePageTest@61dc03ce]" name="tearDown" is-config="true" duration-ms="1844" started-at="2018-07-15T17:45:38Z" finished-at="2018-07-15T17:45:40Z">
          <reporter-output>
          </reporter-output>
        </test-method> <!-- tearDown -->
        <test-method status="PASS" signature="setUp()[pri:0, instance:com.crm.qa.testcases.HomePageTest@61dc03ce]" name="setUp" is-config="true" duration-ms="48641" started-at="2018-07-15T17:45:40Z" finished-at="2018-07-15T17:46:28Z">
          <reporter-output>
          </reporter-output>
        </test-method> <!-- setUp -->
        <test-method status="PASS" signature="verifySearchFriends(java.lang.String)[pri:0, instance:com.crm.qa.testcases.HomePageTest@61dc03ce]" name="verifySearchFriends" duration-ms="3897" started-at="2018-07-15T17:46:28Z" data-provider="getFbTestData" finished-at="2018-07-15T17:46:32Z">
          <params>
            <param index="0">
              <value>
                <![CDATA[Koshore]]>
              </value>
            </param>
          </params>
          <reporter-output>
          </reporter-output>
        </test-method> <!-- verifySearchFriends -->
        <test-method status="PASS" signature="tearDown()[pri:0, instance:com.crm.qa.testcases.HomePageTest@61dc03ce]" name="tearDown" is-config="true" duration-ms="1122" started-at="2018-07-15T17:46:32Z" finished-at="2018-07-15T17:46:33Z">
          <reporter-output>
          </reporter-output>
        </test-method> <!-- tearDown -->
      </class> <!-- com.crm.qa.testcases.HomePageTest -->
      <class name="com.crm.qa.testcases.LoginTest">
        <test-method status="PASS" signature="setUp()[pri:0, instance:com.crm.qa.testcases.LoginTest@50f8360d]" name="setUp" is-config="true" duration-ms="29277" started-at="2018-07-15T17:46:33Z" finished-at="2018-07-15T17:47:03Z">
          <reporter-output>
          </reporter-output>
        </test-method> <!-- setUp -->
        <test-method status="FAIL" signature="verifyLoginPageTitle()[pri:1, instance:com.crm.qa.testcases.LoginTest@50f8360d]" name="verifyLoginPageTitle" duration-ms="79" started-at="2018-07-15T17:47:03Z" finished-at="2018-07-15T17:47:03Z">
          <exception class="java.lang.AssertionError">
            <message>
              <![CDATA[expected [Faebook – log in or sign up] but found [Facebook – log in or sign up]]]>
            </message>
            <full-stacktrace>
              <![CDATA[java.lang.AssertionError: expected [Faebook – log in or sign up] but found [Facebook – log in or sign up]
	at org.testng.Assert.fail(Assert.java:93)
	at org.testng.Assert.failNotEquals(Assert.java:512)
	at org.testng.Assert.assertEqualsImpl(Assert.java:134)
	at org.testng.Assert.assertEquals(Assert.java:115)
	at org.testng.Assert.assertEquals(Assert.java:189)
	at org.testng.Assert.assertEquals(Assert.java:199)
	at com.crm.qa.testcases.LoginTest.verifyLoginPageTitle(LoginTest.java:27)
	at sun.reflect.NativeMethodAccessorImpl.invoke0(Native Method)
	at sun.reflect.NativeMethodAccessorImpl.invoke(NativeMethodAccessorImpl.java:62)
	at sun.reflect.DelegatingMethodAccessorImpl.invoke(DelegatingMethodAccessorImpl.java:43)
	at java.lang.reflect.Method.invoke(Method.java:498)
	at org.testng.internal.MethodInvocationHelper.invokeMethod(MethodInvocationHelper.java:108)
	at org.testng.internal.Invoker.invokeMethod(Invoker.java:661)
	at org.testng.internal.Invoker.invokeTestMethod(Invoker.java:869)
	at org.testng.internal.Invoker.invokeTestMethods(Invoker.java:1193)
	at org.testng.internal.TestMethodWorker.invokeTestMethods(TestMethodWorker.java:126)
	at org.testng.internal.TestMethodWorker.run(TestMethodWorker.java:109)
	at org.testng.TestRunner.privateRun(TestRunner.java:744)
	at org.testng.TestRunner.run(TestRunner.java:602)
	at org.testng.SuiteRunner.runTest(SuiteRunner.java:380)
	at org.testng.SuiteRunner.runSequentially(SuiteRunner.java:375)
	at org.testng.SuiteRunner.privateRun(SuiteRunner.java:340)
	at org.testng.SuiteRunner.run(SuiteRunner.java:289)
	at org.testng.SuiteRunnerWorker.runSuite(SuiteRunnerWorker.java:52)
	at org.testng.SuiteRunnerWorker.run(SuiteRunnerWorker.java:86)
	at org.testng.TestNG.runSuitesSequentially(TestNG.java:1301)
	at org.testng.TestNG.runSuitesLocally(TestNG.java:1226)
	at org.testng.TestNG.runSuites(TestNG.java:1144)
	at org.testng.TestNG.run(TestNG.java:1115)
	at org.apache.maven.surefire.testng.TestNGExecutor.run(TestNGExecutor.java:77)
	at org.apache.maven.surefire.testng.TestNGDirectoryTestSuite.executeMulti(TestNGDirectoryTestSuite.java:159)
	at org.apache.maven.surefire.testng.TestNGDirectoryTestSuite.execute(TestNGDirectoryTestSuite.java:99)
	at org.apache.maven.surefire.testng.TestNGProvider.invoke(TestNGProvider.java:106)
	at sun.reflect.NativeMethodAccessorImpl.invoke0(Native Method)
	at sun.reflect.NativeMethodAccessorImpl.invoke(NativeMethodAccessorImpl.java:62)
	at sun.reflect.DelegatingMethodAccessorImpl.invoke(DelegatingMethodAccessorImpl.java:43)
	at java.lang.reflect.Method.invoke(Method.java:498)
	at org.apache.maven.surefire.util.ReflectionUtils.invokeMethodWithArray(ReflectionUtils.java:189)
	at org.apache.maven.surefire.booter.ProviderFactory$ProviderProxy.invoke(ProviderFactory.java:165)
	at org.apache.maven.surefire.booter.ProviderFactory.invokeProvider(ProviderFactory.java:85)
	at org.apache.maven.surefire.booter.ForkedBooter.runSuitesInProcess(ForkedBooter.java:115)
	at org.apache.maven.surefire.booter.ForkedBooter.main(ForkedBooter.java:75)
]]>
            </full-stacktrace>
          </exception> <!-- java.lang.AssertionError -->
          <reporter-output>
          </reporter-output>
        </test-method> <!-- verifyLoginPageTitle -->
        <test-method status="PASS" signature="closeBrowser()[pri:0, instance:com.crm.qa.testcases.LoginTest@50f8360d]" name="closeBrowser" is-config="true" duration-ms="762" started-at="2018-07-15T17:47:03Z" finished-at="2018-07-15T17:47:04Z">
          <reporter-output>
          </reporter-output>
        </test-method> <!-- closeBrowser -->
        <test-method status="PASS" signature="setUp()[pri:0, instance:com.crm.qa.testcases.LoginTest@50f8360d]" name="setUp" is-config="true" duration-ms="30715" started-at="2018-07-15T17:47:04Z" finished-at="2018-07-15T17:47:35Z">
          <reporter-output>
          </reporter-output>
        </test-method> <!-- setUp -->
        <test-method status="PASS" signature="verifyLoginPage()[pri:2, instance:com.crm.qa.testcases.LoginTest@50f8360d]" name="verifyLoginPage" duration-ms="8156" started-at="2018-07-15T17:47:35Z" finished-at="2018-07-15T17:47:43Z">
          <reporter-output>
          </reporter-output>
        </test-method> <!-- verifyLoginPage -->
        <test-method status="PASS" signature="closeBrowser()[pri:0, instance:com.crm.qa.testcases.LoginTest@50f8360d]" name="closeBrowser" is-config="true" duration-ms="1027" started-at="2018-07-15T17:47:43Z" finished-at="2018-07-15T17:47:44Z">
          <reporter-output>
          </reporter-output>
        </test-method> <!-- closeBrowser -->
      </class> <!-- com.crm.qa.testcases.LoginTest -->
    </test> <!-- Command line test -->
  </suite> <!-- Command line suite -->
</testng-results>
